{"/Users/marcelblijleven/code/github.com/TestCoders/testautomation_casus/v1/frontend-2/src/store/actions.js": {"path":"/Users/marcelblijleven/code/github.com/TestCoders/testautomation_casus/v1/frontend-2/src/store/actions.js","statementMap":{"0":{"start":{"line":5,"column":4},"end":{"line":5,"column":23}},"1":{"start":{"line":6,"column":4},"end":{"line":6,"column":35}},"2":{"start":{"line":7,"column":4},"end":{"line":7,"column":40}},"3":{"start":{"line":8,"column":4},"end":{"line":8,"column":41}},"4":{"start":{"line":9,"column":4},"end":{"line":9,"column":49}},"5":{"start":{"line":10,"column":4},"end":{"line":10,"column":16}},"6":{"start":{"line":13,"column":19},"end":{"line":16,"column":5}},"7":{"start":{"line":17,"column":17},"end":{"line":21,"column":5}},"8":{"start":{"line":22,"column":4},"end":{"line":49,"column":9}},"9":{"start":{"line":24,"column":8},"end":{"line":24,"column":37}},"10":{"start":{"line":25,"column":8},"end":{"line":44,"column":13}},"11":{"start":{"line":27,"column":26},"end":{"line":27,"column":47}},"12":{"start":{"line":28,"column":35},"end":{"line":28,"column":86}},"13":{"start":{"line":29,"column":12},"end":{"line":34,"column":15}},"14":{"start":{"line":35,"column":12},"end":{"line":35,"column":65}},"15":{"start":{"line":36,"column":12},"end":{"line":36,"column":68}},"16":{"start":{"line":37,"column":12},"end":{"line":37,"column":76}},"17":{"start":{"line":38,"column":12},"end":{"line":38,"column":83}},"18":{"start":{"line":39,"column":12},"end":{"line":39,"column":24}},"19":{"start":{"line":42,"column":12},"end":{"line":42,"column":33}},"20":{"start":{"line":43,"column":12},"end":{"line":43,"column":25}},"21":{"start":{"line":47,"column":8},"end":{"line":47,"column":29}},"22":{"start":{"line":48,"column":8},"end":{"line":48,"column":21}},"23":{"start":{"line":52,"column":18},"end":{"line":52,"column":59}},"24":{"start":{"line":53,"column":4},"end":{"line":55,"column":5}},"25":{"start":{"line":54,"column":6},"end":{"line":54,"column":19}},"26":{"start":{"line":56,"column":25},"end":{"line":56,"column":75}},"27":{"start":{"line":57,"column":16},"end":{"line":57,"column":26}},"28":{"start":{"line":58,"column":4},"end":{"line":60,"column":5}},"29":{"start":{"line":59,"column":6},"end":{"line":59,"column":19}},"30":{"start":{"line":61,"column":19},"end":{"line":61,"column":61}},"31":{"start":{"line":62,"column":21},"end":{"line":62,"column":65}},"32":{"start":{"line":63,"column":4},"end":{"line":63,"column":42}},"33":{"start":{"line":64,"column":4},"end":{"line":69,"column":7}},"34":{"start":{"line":70,"column":4},"end":{"line":70,"column":16}},"35":{"start":{"line":73,"column":26},"end":{"line":80,"column":6}},"36":{"start":{"line":81,"column":4},"end":{"line":89,"column":9}},"37":{"start":{"line":83,"column":8},"end":{"line":83,"column":38}},"38":{"start":{"line":84,"column":8},"end":{"line":84,"column":20}},"39":{"start":{"line":87,"column":8},"end":{"line":87,"column":29}},"40":{"start":{"line":88,"column":8},"end":{"line":88,"column":21}},"41":{"start":{"line":92,"column":26},"end":{"line":99,"column":6}},"42":{"start":{"line":100,"column":4},"end":{"line":108,"column":9}},"43":{"start":{"line":102,"column":8},"end":{"line":102,"column":44}},"44":{"start":{"line":103,"column":8},"end":{"line":103,"column":20}},"45":{"start":{"line":106,"column":8},"end":{"line":106,"column":29}},"46":{"start":{"line":107,"column":8},"end":{"line":107,"column":21}},"47":{"start":{"line":111,"column":26},"end":{"line":119,"column":6}},"48":{"start":{"line":120,"column":4},"end":{"line":131,"column":9}},"49":{"start":{"line":122,"column":8},"end":{"line":122,"column":46}},"50":{"start":{"line":123,"column":8},"end":{"line":123,"column":20}},"51":{"start":{"line":126,"column":8},"end":{"line":126,"column":40}},"52":{"start":{"line":127,"column":8},"end":{"line":129,"column":9}},"53":{"start":{"line":128,"column":10},"end":{"line":128,"column":31}},"54":{"start":{"line":130,"column":8},"end":{"line":130,"column":21}},"55":{"start":{"line":134,"column":19},"end":{"line":137,"column":5}},"56":{"start":{"line":138,"column":17},"end":{"line":141,"column":5}},"57":{"start":{"line":142,"column":4},"end":{"line":147,"column":9}},"58":{"start":{"line":143,"column":18},"end":{"line":143,"column":22}},"59":{"start":{"line":145,"column":8},"end":{"line":145,"column":29}},"60":{"start":{"line":146,"column":8},"end":{"line":146,"column":21}}},"fnMap":{"0":{"name":"(anonymous_0)","decl":{"start":{"line":4,"column":10},"end":{"line":4,"column":11}},"loc":{"start":{"line":4,"column":25},"end":{"line":11,"column":3}},"line":4},"1":{"name":"(anonymous_1)","decl":{"start":{"line":12,"column":24},"end":{"line":12,"column":25}},"loc":{"start":{"line":12,"column":60},"end":{"line":50,"column":3}},"line":12},"2":{"name":"(anonymous_2)","decl":{"start":{"line":23,"column":12},"end":{"line":23,"column":13}},"loc":{"start":{"line":23,"column":28},"end":{"line":45,"column":7}},"line":23},"3":{"name":"(anonymous_3)","decl":{"start":{"line":26,"column":16},"end":{"line":26,"column":17}},"loc":{"start":{"line":26,"column":25},"end":{"line":40,"column":11}},"line":26},"4":{"name":"(anonymous_4)","decl":{"start":{"line":41,"column":17},"end":{"line":41,"column":18}},"loc":{"start":{"line":41,"column":28},"end":{"line":44,"column":11}},"line":41},"5":{"name":"(anonymous_5)","decl":{"start":{"line":46,"column":13},"end":{"line":46,"column":14}},"loc":{"start":{"line":46,"column":24},"end":{"line":49,"column":7}},"line":46},"6":{"name":"(anonymous_6)","decl":{"start":{"line":51,"column":2},"end":{"line":51,"column":3}},"loc":{"start":{"line":51,"column":27},"end":{"line":71,"column":3}},"line":51},"7":{"name":"(anonymous_7)","decl":{"start":{"line":72,"column":13},"end":{"line":72,"column":14}},"loc":{"start":{"line":72,"column":36},"end":{"line":90,"column":3}},"line":72},"8":{"name":"(anonymous_8)","decl":{"start":{"line":82,"column":12},"end":{"line":82,"column":13}},"loc":{"start":{"line":82,"column":21},"end":{"line":85,"column":7}},"line":82},"9":{"name":"(anonymous_9)","decl":{"start":{"line":86,"column":13},"end":{"line":86,"column":14}},"loc":{"start":{"line":86,"column":24},"end":{"line":89,"column":7}},"line":86},"10":{"name":"(anonymous_10)","decl":{"start":{"line":91,"column":12},"end":{"line":91,"column":13}},"loc":{"start":{"line":91,"column":43},"end":{"line":109,"column":3}},"line":91},"11":{"name":"(anonymous_11)","decl":{"start":{"line":101,"column":12},"end":{"line":101,"column":13}},"loc":{"start":{"line":101,"column":21},"end":{"line":104,"column":7}},"line":101},"12":{"name":"(anonymous_12)","decl":{"start":{"line":105,"column":13},"end":{"line":105,"column":14}},"loc":{"start":{"line":105,"column":24},"end":{"line":108,"column":7}},"line":105},"13":{"name":"(anonymous_13)","decl":{"start":{"line":110,"column":15},"end":{"line":110,"column":16}},"loc":{"start":{"line":110,"column":51},"end":{"line":132,"column":3}},"line":110},"14":{"name":"(anonymous_14)","decl":{"start":{"line":121,"column":12},"end":{"line":121,"column":13}},"loc":{"start":{"line":121,"column":21},"end":{"line":124,"column":7}},"line":121},"15":{"name":"(anonymous_15)","decl":{"start":{"line":125,"column":13},"end":{"line":125,"column":14}},"loc":{"start":{"line":125,"column":24},"end":{"line":131,"column":7}},"line":125},"16":{"name":"(anonymous_16)","decl":{"start":{"line":133,"column":10},"end":{"line":133,"column":11}},"loc":{"start":{"line":133,"column":38},"end":{"line":148,"column":3}},"line":133},"17":{"name":"(anonymous_17)","decl":{"start":{"line":143,"column":12},"end":{"line":143,"column":13}},"loc":{"start":{"line":143,"column":18},"end":{"line":143,"column":22}},"line":143},"18":{"name":"(anonymous_18)","decl":{"start":{"line":144,"column":13},"end":{"line":144,"column":14}},"loc":{"start":{"line":144,"column":24},"end":{"line":147,"column":7}},"line":144}},"branchMap":{"0":{"loc":{"start":{"line":53,"column":4},"end":{"line":55,"column":5}},"type":"if","locations":[{"start":{"line":53,"column":4},"end":{"line":55,"column":5}},{"start":{"line":53,"column":4},"end":{"line":55,"column":5}}],"line":53},"1":{"loc":{"start":{"line":58,"column":4},"end":{"line":60,"column":5}},"type":"if","locations":[{"start":{"line":58,"column":4},"end":{"line":60,"column":5}},{"start":{"line":58,"column":4},"end":{"line":60,"column":5}}],"line":58},"2":{"loc":{"start":{"line":127,"column":8},"end":{"line":129,"column":9}},"type":"if","locations":[{"start":{"line":127,"column":8},"end":{"line":129,"column":9}},{"start":{"line":127,"column":8},"end":{"line":129,"column":9}}],"line":127}},"s":{"0":0,"1":0,"2":0,"3":0,"4":0,"5":0,"6":0,"7":0,"8":0,"9":0,"10":0,"11":0,"12":0,"13":0,"14":0,"15":0,"16":0,"17":0,"18":0,"19":0,"20":0,"21":0,"22":0,"23":0,"24":0,"25":0,"26":0,"27":0,"28":0,"29":0,"30":0,"31":0,"32":0,"33":0,"34":0,"35":0,"36":0,"37":0,"38":0,"39":0,"40":0,"41":0,"42":0,"43":0,"44":0,"45":0,"46":0,"47":0,"48":0,"49":0,"50":0,"51":0,"52":0,"53":0,"54":0,"55":0,"56":0,"57":0,"58":0,"59":0,"60":0},"f":{"0":0,"1":0,"2":0,"3":0,"4":0,"5":0,"6":0,"7":0,"8":0,"9":0,"10":0,"11":0,"12":0,"13":0,"14":0,"15":0,"16":0,"17":0,"18":0},"b":{"0":[0,0],"1":[0,0],"2":[0,0]}}
,"/Users/marcelblijleven/code/github.com/TestCoders/testautomation_casus/v1/frontend-2/src/store/getters.js": {"path":"/Users/marcelblijleven/code/github.com/TestCoders/testautomation_casus/v1/frontend-2/src/store/getters.js","statementMap":{"0":{"start":{"line":2,"column":18},"end":{"line":2,"column":29}},"1":{"start":{"line":3,"column":21},"end":{"line":3,"column":35}},"2":{"start":{"line":4,"column":25},"end":{"line":4,"column":43}},"3":{"start":{"line":7,"column":4},"end":{"line":12,"column":6}},"4":{"start":{"line":15,"column":4},"end":{"line":15,"column":24}},"5":{"start":{"line":18,"column":4},"end":{"line":18,"column":32}}},"fnMap":{"0":{"name":"(anonymous_0)","decl":{"start":{"line":2,"column":9},"end":{"line":2,"column":10}},"loc":{"start":{"line":2,"column":18},"end":{"line":2,"column":29}},"line":2},"1":{"name":"(anonymous_1)","decl":{"start":{"line":3,"column":12},"end":{"line":3,"column":13}},"loc":{"start":{"line":3,"column":21},"end":{"line":3,"column":35}},"line":3},"2":{"name":"(anonymous_2)","decl":{"start":{"line":4,"column":16},"end":{"line":4,"column":17}},"loc":{"start":{"line":4,"column":25},"end":{"line":4,"column":43}},"line":4},"3":{"name":"(anonymous_3)","decl":{"start":{"line":6,"column":15},"end":{"line":6,"column":16}},"loc":{"start":{"line":6,"column":26},"end":{"line":13,"column":3}},"line":6},"4":{"name":"(anonymous_4)","decl":{"start":{"line":14,"column":13},"end":{"line":14,"column":14}},"loc":{"start":{"line":14,"column":24},"end":{"line":16,"column":3}},"line":14},"5":{"name":"(anonymous_5)","decl":{"start":{"line":17,"column":21},"end":{"line":17,"column":22}},"loc":{"start":{"line":17,"column":32},"end":{"line":19,"column":3}},"line":17}},"branchMap":{},"s":{"0":1,"1":0,"2":0,"3":0,"4":0,"5":0},"f":{"0":1,"1":0,"2":0,"3":0,"4":0,"5":0},"b":{},"_coverageSchema":"1a1c01bbd47fc00a2c39e90264f33305004495a9","hash":"2db1e4d56887c77dfd306a976b7de1750050db06"}
,"/Users/marcelblijleven/code/github.com/TestCoders/testautomation_casus/v1/frontend-2/src/store/mutations.js": {"path":"/Users/marcelblijleven/code/github.com/TestCoders/testautomation_casus/v1/frontend-2/src/store/mutations.js","statementMap":{"0":{"start":{"line":3,"column":4},"end":{"line":3,"column":29}},"1":{"start":{"line":4,"column":4},"end":{"line":4,"column":34}},"2":{"start":{"line":5,"column":4},"end":{"line":5,"column":31}},"3":{"start":{"line":6,"column":4},"end":{"line":6,"column":35}},"4":{"start":{"line":7,"column":4},"end":{"line":7,"column":43}},"5":{"start":{"line":10,"column":4},"end":{"line":10,"column":31}},"6":{"start":{"line":13,"column":4},"end":{"line":13,"column":26}},"7":{"start":{"line":16,"column":4},"end":{"line":16,"column":42}}},"fnMap":{"0":{"name":"(anonymous_0)","decl":{"start":{"line":2,"column":12},"end":{"line":2,"column":13}},"loc":{"start":{"line":2,"column":29},"end":{"line":8,"column":3}},"line":2},"1":{"name":"(anonymous_1)","decl":{"start":{"line":9,"column":19},"end":{"line":9,"column":20}},"loc":{"start":{"line":9,"column":37},"end":{"line":11,"column":3}},"line":9},"2":{"name":"(anonymous_2)","decl":{"start":{"line":12,"column":13},"end":{"line":12,"column":14}},"loc":{"start":{"line":12,"column":32},"end":{"line":14,"column":3}},"line":12},"3":{"name":"(anonymous_3)","decl":{"start":{"line":15,"column":21},"end":{"line":15,"column":22}},"loc":{"start":{"line":15,"column":48},"end":{"line":17,"column":3}},"line":15}},"branchMap":{},"s":{"0":0,"1":0,"2":0,"3":0,"4":0,"5":0,"6":0,"7":0},"f":{"0":0,"1":0,"2":0,"3":0},"b":{}}
,"/Users/marcelblijleven/code/github.com/TestCoders/testautomation_casus/v1/frontend-2/src/store/store.js": {"path":"/Users/marcelblijleven/code/github.com/TestCoders/testautomation_casus/v1/frontend-2/src/store/store.js","statementMap":{"0":{"start":{"line":7,"column":0},"end":{"line":7,"column":14}}},"fnMap":{},"branchMap":{},"s":{"0":0},"f":{},"b":{}}
}
